<?xml version="1.0" encoding="UTF-8"?>
<testsuite xmlns:xsi="http://www.w3.org/2001/XMLSchema-instance" xsi:noNamespaceSchemaLocation="https://maven.apache.org/surefire/maven-surefire-plugin/xsd/surefire-test-report.xsd" name="springbook.UserDaoTest" time="0.98" tests="2" errors="0" skipped="0" failures="0">
  <properties>
[...]
</properties>
  <testcase name="addAndGet" classname="springbook.UserDaoTest" time="0.569"/>
  <testcase name="getUserFailture" classname="springbook.UserDaoTest" time="0.024"/>
</testsuite>